<?xml version="1.0" encoding="UTF-8"?>
<testng-results skipped="0" failed="1" ignored="0" total="1" passed="0">
  <reporter-output>
    <line>
      <![CDATA[Edit Organization]]>
    </line>
  </reporter-output>
  <suite name="Default suite" duration-ms="47881" started-at="2021-02-11T15:00:27 IST" finished-at="2021-02-11T15:01:15 IST">
    <groups>
    </groups>
    <test name="Default test" duration-ms="47881" started-at="2021-02-11T15:00:27 IST" finished-at="2021-02-11T15:01:15 IST">
      <class name="com.orangehrm.testscript.demo">
        <test-method status="PASS" signature="openBrowser()[pri:0, instance:com.orangehrm.testscript.demo@5f282abb]" name="openBrowser" is-config="true" duration-ms="25340" started-at="2021-02-11T15:00:27 IST" finished-at="2021-02-11T15:00:52 IST">
          <reporter-output>
          </reporter-output>
        </test-method> <!-- openBrowser -->
        <test-method status="PASS" signature="login()[pri:0, instance:com.orangehrm.testscript.demo@5f282abb]" name="login" is-config="true" duration-ms="13091" started-at="2021-02-11T15:00:52 IST" finished-at="2021-02-11T15:01:05 IST">
          <reporter-output>
          </reporter-output>
        </test-method> <!-- login -->
        <test-method status="FAIL" signature="loginToapp()[pri:0, instance:com.orangehrm.testscript.demo@5f282abb]" name="loginToapp" duration-ms="2925" started-at="2021-02-11T15:01:05 IST" finished-at="2021-02-11T15:01:08 IST">
          <exception class="java.io.IOException">
            <message>
              <![CDATA[java.lang.ClassNotFoundException: org.apache.poi.xssf.usermodel.XSSFWorkbookFactory]]>
            </message>
            <full-stacktrace>
              <![CDATA[java.io.IOException: java.lang.ClassNotFoundException: org.apache.poi.xssf.usermodel.XSSFWorkbookFactory
at org.apache.poi.ss.usermodel.WorkbookFactory.createWorkbook(WorkbookFactory.java:354)
at org.apache.poi.ss.usermodel.WorkbookFactory.createXSSFWorkbook(WorkbookFactory.java:314)
at org.apache.poi.ss.usermodel.WorkbookFactory.create(WorkbookFactory.java:232)
at org.apache.poi.ss.usermodel.WorkbookFactory.create(WorkbookFactory.java:198)
at com.orangehrm.generic.FileLib.getExcelValue(FileLib.java:24)
at com.orangehrm.testscript.demo.loginToapp(demo.java:35)
at sun.reflect.NativeMethodAccessorImpl.invoke0(Native Method)
at sun.reflect.NativeMethodAccessorImpl.invoke(NativeMethodAccessorImpl.java:62)
at sun.reflect.DelegatingMethodAccessorImpl.invoke(DelegatingMethodAccessorImpl.java:43)
at java.lang.reflect.Method.invoke(Method.java:498)
at org.testng.internal.MethodInvocationHelper.invokeMethod(MethodInvocationHelper.java:132)
at org.testng.internal.TestInvoker.invokeMethod(TestInvoker.java:599)
at org.testng.internal.TestInvoker.invokeTestMethod(TestInvoker.java:174)
at org.testng.internal.MethodRunner.runInSequence(MethodRunner.java:46)
at org.testng.internal.TestInvoker$MethodInvocationAgent.invoke(TestInvoker.java:822)
at org.testng.internal.TestInvoker.invokeTestMethods(TestInvoker.java:147)
at org.testng.internal.TestMethodWorker.invokeTestMethods(TestMethodWorker.java:146)
at org.testng.internal.TestMethodWorker.run(TestMethodWorker.java:128)
at java.util.ArrayList.forEach(ArrayList.java:1259)
at org.testng.TestRunner.privateRun(TestRunner.java:764)
at org.testng.TestRunner.run(TestRunner.java:585)
at org.testng.SuiteRunner.runTest(SuiteRunner.java:384)
at org.testng.SuiteRunner.runSequentially(SuiteRunner.java:378)
at org.testng.SuiteRunner.privateRun(SuiteRunner.java:337)
at org.testng.SuiteRunner.run(SuiteRunner.java:286)
at org.testng.SuiteRunnerWorker.runSuite(SuiteRunnerWorker.java:53)
at org.testng.SuiteRunnerWorker.run(SuiteRunnerWorker.java:96)
at org.testng.TestNG.runSuitesSequentially(TestNG.java:1218)
at org.testng.TestNG.runSuitesLocally(TestNG.java:1140)
at org.testng.TestNG.runSuites(TestNG.java:1069)
at org.testng.TestNG.run(TestNG.java:1037)
at org.testng.remote.AbstractRemoteTestNG.run(AbstractRemoteTestNG.java:115)
at org.testng.remote.RemoteTestNG.initAndRun(RemoteTestNG.java:251)
at org.testng.remote.RemoteTestNG.main(RemoteTestNG.java:77)
Caused by: java.lang.ClassNotFoundException: org.apache.poi.xssf.usermodel.XSSFWorkbookFactory
at java.net.URLClassLoader.findClass(URLClassLoader.java:382)
at java.lang.ClassLoader.loadClass(ClassLoader.java:418)
at sun.misc.Launcher$AppClassLoader.loadClass(Launcher.java:355)
at java.lang.ClassLoader.loadClass(ClassLoader.java:351)
at org.apache.poi.ss.usermodel.WorkbookFactory.createWorkbook(WorkbookFactory.java:324)
... 33 more
]]>
            </full-stacktrace>
          </exception> <!-- java.io.IOException -->
          <reporter-output>
            <line>
              <![CDATA[Edit Organization]]>
            </line>
          </reporter-output>
        </test-method> <!-- loginToapp -->
        <test-method status="PASS" signature="logout()[pri:0, instance:com.orangehrm.testscript.demo@5f282abb]" name="logout" is-config="true" duration-ms="2348" started-at="2021-02-11T15:01:12 IST" finished-at="2021-02-11T15:01:14 IST">
          <reporter-output>
          </reporter-output>
        </test-method> <!-- logout -->
        <test-method status="PASS" signature="closeBrowser()[pri:0, instance:com.orangehrm.testscript.demo@5f282abb]" name="closeBrowser" is-config="true" duration-ms="301" started-at="2021-02-11T15:01:14 IST" finished-at="2021-02-11T15:01:15 IST">
          <reporter-output>
          </reporter-output>
        </test-method> <!-- closeBrowser -->
      </class> <!-- com.orangehrm.testscript.demo -->
    </test> <!-- Default test -->
  </suite> <!-- Default suite -->
</testng-results>
